<?xml version="1.0" encoding="windows-1252" standalone="no"?>
<!DOCTYPE log SYSTEM "logger.dtd">
<log>
<record>
  <date>2021-06-24T16:09:41</date>
  <millis>1624540181831</millis>
  <sequence>0</sequence>
  <logger></logger>
  <level>INFO</level>
  <class>java.util.logging.LogManager$RootLogger</class>
  <method>log</method>
  <thread>1</thread>
  <message>–°–µ—Ä–≤–µ—Ä –∑–∞–ø—É—â–µ–Ω</message>
</record>
<record>
  <date>2021-06-24T16:10:13</date>
  <millis>1624540213505</millis>
  <sequence>1</sequence>
  <logger></logger>
  <level>INFO</level>
  <class>java.util.logging.LogManager$RootLogger</class>
  <method>log</method>
  <thread>1</thread>
  <message>–ö–ª–∏–µ–Ω—Ç –ø–æ–¥–∫–ª—é—á–∏–ª—?—?</message>
</record>
<record>
  <date>2021-06-24T16:11:03</date>
  <millis>1624540263507</millis>
  <sequence>2</sequence>
  <logger></logger>
  <level>INFO</level>
  <class>java.util.logging.LogManager$RootLogger</class>
  <method>log</method>
  <thread>12</thread>
  <message>–ö–ª–∏–µ–Ω—Ç login1 –æ—Ç–∫–ª—é—á–∏–ª—?—?</message>
</record>
